[INFO] add pe_0_0_0 to network.
[INFO] link pe_0_0_0 to pe_0_0_1.
[INFO] link pe_0_0_0 to pe_0_1_0.
[INFO] add pe_0_0_1 to network.
[INFO] link pe_0_0_1 to pe_0_0_2.
[INFO] link pe_0_0_1 to pe_0_1_1.
[INFO] add pe_0_0_2 to network.
[INFO] link pe_0_0_2 to pe_0_0_3.
[INFO] link pe_0_0_2 to pe_0_1_2.
[INFO] add pe_0_0_3 to network.
[INFO] link pe_0_0_3 to pe_0_1_3.
[INFO] add pe_0_1_0 to network.
[INFO] link pe_0_1_0 to pe_0_1_1.
[INFO] link pe_0_1_0 to pe_0_2_0.
[INFO] add pe_0_1_1 to network.
[INFO] link pe_0_1_1 to pe_0_1_2.
[INFO] link pe_0_1_1 to pe_0_2_1.
[INFO] add pe_0_1_2 to network.
[INFO] link pe_0_1_2 to pe_0_1_3.
[INFO] link pe_0_1_2 to pe_0_2_2.
[INFO] add pe_0_1_3 to network.
[INFO] link pe_0_1_3 to pe_0_2_3.
[INFO] add pe_0_2_0 to network.
[INFO] link pe_0_2_0 to pe_0_2_1.
[INFO] link pe_0_2_0 to pe_0_3_0.
[INFO] add pe_0_2_1 to network.
[INFO] link pe_0_2_1 to pe_0_2_2.
[INFO] link pe_0_2_1 to pe_0_3_1.
[INFO] add pe_0_2_2 to network.
[INFO] link pe_0_2_2 to pe_0_2_3.
[INFO] link pe_0_2_2 to pe_0_3_2.
[INFO] add pe_0_2_3 to network.
[INFO] link pe_0_2_3 to pe_0_3_3.
[INFO] add pe_0_3_0 to network.
[INFO] link pe_0_3_0 to pe_0_3_1.
[INFO] link pe_0_3_0 to acc_0.
[INFO] add pe_0_3_1 to network.
[INFO] link pe_0_3_1 to pe_0_3_2.
[INFO] link pe_0_3_1 to acc_1.
[INFO] add pe_0_3_2 to network.
[INFO] link pe_0_3_2 to pe_0_3_3.
[INFO] link pe_0_3_2 to acc_2.
[INFO] add pe_0_3_3 to network.
[INFO] link pe_0_3_3 to acc_3.
[INFO] add acc_0 to network.
[INFO] add acc_1 to network.
[INFO] add acc_2 to network.
[INFO] add acc_3 to network.
[INFO] SA_0 generate and show.
